Determining if the pthread_create exist failed with the following output:
Change Dir: /home/osama/Documents/ExFE/FE/build/CMakeFiles/CMakeTmp

Run Build Command:"/usr/bin/make" "cmTC_341f5/fast"
/usr/bin/make -f CMakeFiles/cmTC_341f5.dir/build.make CMakeFiles/cmTC_341f5.dir/build
make[1]: Entering directory `/home/osama/Documents/ExFE/FE/build/CMakeFiles/CMakeTmp'
Building C object CMakeFiles/cmTC_341f5.dir/CheckSymbolExists.c.o
/usr/bin/cc    -o CMakeFiles/cmTC_341f5.dir/CheckSymbolExists.c.o   -c /home/osama/Documents/ExFE/FE/build/CMakeFiles/CMakeTmp/CheckSymbolExists.c
Linking C executable cmTC_341f5
/usr/local/bin/cmake -E cmake_link_script CMakeFiles/cmTC_341f5.dir/link.txt --verbose=1
/usr/bin/cc      -rdynamic CMakeFiles/cmTC_341f5.dir/CheckSymbolExists.c.o  -o cmTC_341f5 
CMakeFiles/cmTC_341f5.dir/CheckSymbolExists.c.o: In function `main':
CheckSymbolExists.c:(.text+0x16): undefined reference to `pthread_create'
collect2: error: ld returned 1 exit status
make[1]: *** [cmTC_341f5] Error 1
make[1]: Leaving directory `/home/osama/Documents/ExFE/FE/build/CMakeFiles/CMakeTmp'
make: *** [cmTC_341f5/fast] Error 2

File /home/osama/Documents/ExFE/FE/build/CMakeFiles/CMakeTmp/CheckSymbolExists.c:
/* */
#include <pthread.h>

int main(int argc, char** argv)
{
  (void)argv;
#ifndef pthread_create
  return ((int*)(&pthread_create))[argc];
#else
  (void)argc;
  return 0;
#endif
}

Determining if the function pthread_create exists in the pthreads failed with the following output:
Change Dir: /home/osama/Documents/ExFE/FE/build/CMakeFiles/CMakeTmp

Run Build Command:"/usr/bin/make" "cmTC_80aa4/fast"
/usr/bin/make -f CMakeFiles/cmTC_80aa4.dir/build.make CMakeFiles/cmTC_80aa4.dir/build
make[1]: Entering directory `/home/osama/Documents/ExFE/FE/build/CMakeFiles/CMakeTmp'
Building C object CMakeFiles/cmTC_80aa4.dir/CheckFunctionExists.c.o
/usr/bin/cc   -DCHECK_FUNCTION_EXISTS=pthread_create   -o CMakeFiles/cmTC_80aa4.dir/CheckFunctionExists.c.o   -c /usr/local/share/cmake-3.9/Modules/CheckFunctionExists.c
Linking C executable cmTC_80aa4
/usr/local/bin/cmake -E cmake_link_script CMakeFiles/cmTC_80aa4.dir/link.txt --verbose=1
/usr/bin/cc  -DCHECK_FUNCTION_EXISTS=pthread_create    -rdynamic CMakeFiles/cmTC_80aa4.dir/CheckFunctionExists.c.o  -o cmTC_80aa4 -lpthreads 
/usr/bin/ld: cannot find -lpthreads
collect2: error: ld returned 1 exit status
make[1]: *** [cmTC_80aa4] Error 1
make[1]: Leaving directory `/home/osama/Documents/ExFE/FE/build/CMakeFiles/CMakeTmp'
make: *** [cmTC_80aa4/fast] Error 2


Determining if the pthread_create exist failed with the following output:
Change Dir: /home/osama/Documents/OH-FE/build/CMakeFiles/CMakeTmp

Run Build Command:"/usr/bin/make" "cmTC_f2d22/fast"
/usr/bin/make -f CMakeFiles/cmTC_f2d22.dir/build.make CMakeFiles/cmTC_f2d22.dir/build
make[1]: Entering directory `/home/osama/Documents/OH-FE/build/CMakeFiles/CMakeTmp'
Building C object CMakeFiles/cmTC_f2d22.dir/CheckSymbolExists.c.o
/usr/bin/cc    -o CMakeFiles/cmTC_f2d22.dir/CheckSymbolExists.c.o   -c /home/osama/Documents/OH-FE/build/CMakeFiles/CMakeTmp/CheckSymbolExists.c
Linking C executable cmTC_f2d22
/usr/local/bin/cmake -E cmake_link_script CMakeFiles/cmTC_f2d22.dir/link.txt --verbose=1
/usr/bin/cc      -rdynamic CMakeFiles/cmTC_f2d22.dir/CheckSymbolExists.c.o  -o cmTC_f2d22 
CMakeFiles/cmTC_f2d22.dir/CheckSymbolExists.c.o: In function `main':
CheckSymbolExists.c:(.text+0x16): undefined reference to `pthread_create'
collect2: error: ld returned 1 exit status
make[1]: *** [cmTC_f2d22] Error 1
make[1]: Leaving directory `/home/osama/Documents/OH-FE/build/CMakeFiles/CMakeTmp'
make: *** [cmTC_f2d22/fast] Error 2

File /home/osama/Documents/OH-FE/build/CMakeFiles/CMakeTmp/CheckSymbolExists.c:
/* */
#include <pthread.h>

int main(int argc, char** argv)
{
  (void)argv;
#ifndef pthread_create
  return ((int*)(&pthread_create))[argc];
#else
  (void)argc;
  return 0;
#endif
}

Determining if the function pthread_create exists in the pthreads failed with the following output:
Change Dir: /home/osama/Documents/OH-FE/build/CMakeFiles/CMakeTmp

Run Build Command:"/usr/bin/make" "cmTC_e8626/fast"
/usr/bin/make -f CMakeFiles/cmTC_e8626.dir/build.make CMakeFiles/cmTC_e8626.dir/build
make[1]: Entering directory `/home/osama/Documents/OH-FE/build/CMakeFiles/CMakeTmp'
Building C object CMakeFiles/cmTC_e8626.dir/CheckFunctionExists.c.o
/usr/bin/cc   -DCHECK_FUNCTION_EXISTS=pthread_create   -o CMakeFiles/cmTC_e8626.dir/CheckFunctionExists.c.o   -c /usr/local/share/cmake-3.9/Modules/CheckFunctionExists.c
Linking C executable cmTC_e8626
/usr/local/bin/cmake -E cmake_link_script CMakeFiles/cmTC_e8626.dir/link.txt --verbose=1
/usr/bin/cc  -DCHECK_FUNCTION_EXISTS=pthread_create    -rdynamic CMakeFiles/cmTC_e8626.dir/CheckFunctionExists.c.o  -o cmTC_e8626 -lpthreads 
/usr/bin/ld: cannot find -lpthreads
collect2: error: ld returned 1 exit status
make[1]: *** [cmTC_e8626] Error 1
make[1]: Leaving directory `/home/osama/Documents/OH-FE/build/CMakeFiles/CMakeTmp'
make: *** [cmTC_e8626/fast] Error 2


Determining if the pthread_create exist failed with the following output:
Change Dir: /home/osama/Documents/OH-FE-master/build/CMakeFiles/CMakeTmp

Run Build Command:"/usr/bin/make" "cmTC_556cd/fast"
/usr/bin/make -f CMakeFiles/cmTC_556cd.dir/build.make CMakeFiles/cmTC_556cd.dir/build
make[1]: Entering directory `/home/osama/Documents/OH-FE-master/build/CMakeFiles/CMakeTmp'
Building C object CMakeFiles/cmTC_556cd.dir/CheckSymbolExists.c.o
/usr/bin/cc    -o CMakeFiles/cmTC_556cd.dir/CheckSymbolExists.c.o   -c /home/osama/Documents/OH-FE-master/build/CMakeFiles/CMakeTmp/CheckSymbolExists.c
Linking C executable cmTC_556cd
/usr/local/bin/cmake -E cmake_link_script CMakeFiles/cmTC_556cd.dir/link.txt --verbose=1
/usr/bin/cc      -rdynamic CMakeFiles/cmTC_556cd.dir/CheckSymbolExists.c.o  -o cmTC_556cd 
CMakeFiles/cmTC_556cd.dir/CheckSymbolExists.c.o: In function `main':
CheckSymbolExists.c:(.text+0x16): undefined reference to `pthread_create'
collect2: error: ld returned 1 exit status
make[1]: *** [cmTC_556cd] Error 1
make[1]: Leaving directory `/home/osama/Documents/OH-FE-master/build/CMakeFiles/CMakeTmp'
make: *** [cmTC_556cd/fast] Error 2

File /home/osama/Documents/OH-FE-master/build/CMakeFiles/CMakeTmp/CheckSymbolExists.c:
/* */
#include <pthread.h>

int main(int argc, char** argv)
{
  (void)argv;
#ifndef pthread_create
  return ((int*)(&pthread_create))[argc];
#else
  (void)argc;
  return 0;
#endif
}

Determining if the function pthread_create exists in the pthreads failed with the following output:
Change Dir: /home/osama/Documents/OH-FE-master/build/CMakeFiles/CMakeTmp

Run Build Command:"/usr/bin/make" "cmTC_1358e/fast"
/usr/bin/make -f CMakeFiles/cmTC_1358e.dir/build.make CMakeFiles/cmTC_1358e.dir/build
make[1]: Entering directory `/home/osama/Documents/OH-FE-master/build/CMakeFiles/CMakeTmp'
Building C object CMakeFiles/cmTC_1358e.dir/CheckFunctionExists.c.o
/usr/bin/cc   -DCHECK_FUNCTION_EXISTS=pthread_create   -o CMakeFiles/cmTC_1358e.dir/CheckFunctionExists.c.o   -c /usr/local/share/cmake-3.9/Modules/CheckFunctionExists.c
Linking C executable cmTC_1358e
/usr/local/bin/cmake -E cmake_link_script CMakeFiles/cmTC_1358e.dir/link.txt --verbose=1
/usr/bin/cc  -DCHECK_FUNCTION_EXISTS=pthread_create    -rdynamic CMakeFiles/cmTC_1358e.dir/CheckFunctionExists.c.o  -o cmTC_1358e -lpthreads 
/usr/bin/ld: cannot find -lpthreads
collect2: error: ld returned 1 exit status
make[1]: *** [cmTC_1358e] Error 1
make[1]: Leaving directory `/home/osama/Documents/OH-FE-master/build/CMakeFiles/CMakeTmp'
make: *** [cmTC_1358e/fast] Error 2


Determining if the pthread_create exist failed with the following output:
Change Dir: /home/osama/Documents/Draft4/build/CMakeFiles/CMakeTmp

Run Build Command:"/usr/bin/make" "cmTC_aaaa7/fast"
/usr/bin/make -f CMakeFiles/cmTC_aaaa7.dir/build.make CMakeFiles/cmTC_aaaa7.dir/build
make[1]: Entering directory '/home/osama/Documents/Draft4/build/CMakeFiles/CMakeTmp'
Building C object CMakeFiles/cmTC_aaaa7.dir/CheckSymbolExists.c.o
/usr/bin/cc     -o CMakeFiles/cmTC_aaaa7.dir/CheckSymbolExists.c.o   -c /home/osama/Documents/Draft4/build/CMakeFiles/CMakeTmp/CheckSymbolExists.c
Linking C executable cmTC_aaaa7
/usr/bin/cmake -E cmake_link_script CMakeFiles/cmTC_aaaa7.dir/link.txt --verbose=1
/usr/bin/cc       CMakeFiles/cmTC_aaaa7.dir/CheckSymbolExists.c.o  -o cmTC_aaaa7 -rdynamic 
CMakeFiles/cmTC_aaaa7.dir/CheckSymbolExists.c.o: In function `main':
CheckSymbolExists.c:(.text+0x1b): undefined reference to `pthread_create'
collect2: error: ld returned 1 exit status
CMakeFiles/cmTC_aaaa7.dir/build.make:97: recipe for target 'cmTC_aaaa7' failed
make[1]: *** [cmTC_aaaa7] Error 1
make[1]: Leaving directory '/home/osama/Documents/Draft4/build/CMakeFiles/CMakeTmp'
Makefile:126: recipe for target 'cmTC_aaaa7/fast' failed
make: *** [cmTC_aaaa7/fast] Error 2

File /home/osama/Documents/Draft4/build/CMakeFiles/CMakeTmp/CheckSymbolExists.c:
/* */
#include <pthread.h>

int main(int argc, char** argv)
{
  (void)argv;
#ifndef pthread_create
  return ((int*)(&pthread_create))[argc];
#else
  (void)argc;
  return 0;
#endif
}

Determining if the function pthread_create exists in the pthreads failed with the following output:
Change Dir: /home/osama/Documents/Draft4/build/CMakeFiles/CMakeTmp

Run Build Command:"/usr/bin/make" "cmTC_7aae0/fast"
/usr/bin/make -f CMakeFiles/cmTC_7aae0.dir/build.make CMakeFiles/cmTC_7aae0.dir/build
make[1]: Entering directory '/home/osama/Documents/Draft4/build/CMakeFiles/CMakeTmp'
Building C object CMakeFiles/cmTC_7aae0.dir/CheckFunctionExists.c.o
/usr/bin/cc    -DCHECK_FUNCTION_EXISTS=pthread_create   -o CMakeFiles/cmTC_7aae0.dir/CheckFunctionExists.c.o   -c /usr/share/cmake-3.7/Modules/CheckFunctionExists.c
Linking C executable cmTC_7aae0
/usr/bin/cmake -E cmake_link_script CMakeFiles/cmTC_7aae0.dir/link.txt --verbose=1
/usr/bin/cc   -DCHECK_FUNCTION_EXISTS=pthread_create    CMakeFiles/cmTC_7aae0.dir/CheckFunctionExists.c.o  -o cmTC_7aae0 -rdynamic -lpthreads 
/usr/bin/ld: cannot find -lpthreads
collect2: error: ld returned 1 exit status
CMakeFiles/cmTC_7aae0.dir/build.make:97: recipe for target 'cmTC_7aae0' failed
make[1]: *** [cmTC_7aae0] Error 1
make[1]: Leaving directory '/home/osama/Documents/Draft4/build/CMakeFiles/CMakeTmp'
Makefile:126: recipe for target 'cmTC_7aae0/fast' failed
make: *** [cmTC_7aae0/fast] Error 2


Determining if the pthread_create exist failed with the following output:
Change Dir: /home/osama/Documents/Draft4/build/CMakeFiles/CMakeTmp

Run Build Command:"/usr/bin/make" "cmTC_9c9a4/fast"
/usr/bin/make -f CMakeFiles/cmTC_9c9a4.dir/build.make CMakeFiles/cmTC_9c9a4.dir/build
make[1]: Entering directory '/home/osama/Documents/Draft4/build/CMakeFiles/CMakeTmp'
Building C object CMakeFiles/cmTC_9c9a4.dir/CheckSymbolExists.c.o
/usr/bin/cc     -o CMakeFiles/cmTC_9c9a4.dir/CheckSymbolExists.c.o   -c /home/osama/Documents/Draft4/build/CMakeFiles/CMakeTmp/CheckSymbolExists.c
Linking C executable cmTC_9c9a4
/usr/bin/cmake -E cmake_link_script CMakeFiles/cmTC_9c9a4.dir/link.txt --verbose=1
/usr/bin/cc       CMakeFiles/cmTC_9c9a4.dir/CheckSymbolExists.c.o  -o cmTC_9c9a4 -rdynamic 
CMakeFiles/cmTC_9c9a4.dir/CheckSymbolExists.c.o: In function `main':
CheckSymbolExists.c:(.text+0x1b): undefined reference to `pthread_create'
collect2: error: ld returned 1 exit status
CMakeFiles/cmTC_9c9a4.dir/build.make:97: recipe for target 'cmTC_9c9a4' failed
make[1]: *** [cmTC_9c9a4] Error 1
make[1]: Leaving directory '/home/osama/Documents/Draft4/build/CMakeFiles/CMakeTmp'
Makefile:126: recipe for target 'cmTC_9c9a4/fast' failed
make: *** [cmTC_9c9a4/fast] Error 2

File /home/osama/Documents/Draft4/build/CMakeFiles/CMakeTmp/CheckSymbolExists.c:
/* */
#include <pthread.h>

int main(int argc, char** argv)
{
  (void)argv;
#ifndef pthread_create
  return ((int*)(&pthread_create))[argc];
#else
  (void)argc;
  return 0;
#endif
}

Determining if the function pthread_create exists in the pthreads failed with the following output:
Change Dir: /home/osama/Documents/Draft4/build/CMakeFiles/CMakeTmp

Run Build Command:"/usr/bin/make" "cmTC_09ea9/fast"
/usr/bin/make -f CMakeFiles/cmTC_09ea9.dir/build.make CMakeFiles/cmTC_09ea9.dir/build
make[1]: Entering directory '/home/osama/Documents/Draft4/build/CMakeFiles/CMakeTmp'
Building C object CMakeFiles/cmTC_09ea9.dir/CheckFunctionExists.c.o
/usr/bin/cc    -DCHECK_FUNCTION_EXISTS=pthread_create   -o CMakeFiles/cmTC_09ea9.dir/CheckFunctionExists.c.o   -c /usr/share/cmake-3.7/Modules/CheckFunctionExists.c
Linking C executable cmTC_09ea9
/usr/bin/cmake -E cmake_link_script CMakeFiles/cmTC_09ea9.dir/link.txt --verbose=1
/usr/bin/cc   -DCHECK_FUNCTION_EXISTS=pthread_create    CMakeFiles/cmTC_09ea9.dir/CheckFunctionExists.c.o  -o cmTC_09ea9 -rdynamic -lpthreads 
/usr/bin/ld: cannot find -lpthreads
collect2: error: ld returned 1 exit status
CMakeFiles/cmTC_09ea9.dir/build.make:97: recipe for target 'cmTC_09ea9' failed
make[1]: *** [cmTC_09ea9] Error 1
make[1]: Leaving directory '/home/osama/Documents/Draft4/build/CMakeFiles/CMakeTmp'
Makefile:126: recipe for target 'cmTC_09ea9/fast' failed
make: *** [cmTC_09ea9/fast] Error 2


Determining if the pthread_create exist failed with the following output:
Change Dir: /home/osama/Documents/Draft4/build/CMakeFiles/CMakeTmp

Run Build Command:"/usr/bin/make" "cmTC_2a410/fast"
/usr/bin/make -f CMakeFiles/cmTC_2a410.dir/build.make CMakeFiles/cmTC_2a410.dir/build
make[1]: Entering directory '/home/osama/Documents/Draft4/build/CMakeFiles/CMakeTmp'
Building C object CMakeFiles/cmTC_2a410.dir/CheckSymbolExists.c.o
/usr/bin/cc     -o CMakeFiles/cmTC_2a410.dir/CheckSymbolExists.c.o   -c /home/osama/Documents/Draft4/build/CMakeFiles/CMakeTmp/CheckSymbolExists.c
Linking C executable cmTC_2a410
/usr/bin/cmake -E cmake_link_script CMakeFiles/cmTC_2a410.dir/link.txt --verbose=1
/usr/bin/cc       CMakeFiles/cmTC_2a410.dir/CheckSymbolExists.c.o  -o cmTC_2a410 -rdynamic 
CMakeFiles/cmTC_2a410.dir/CheckSymbolExists.c.o: In function `main':
CheckSymbolExists.c:(.text+0x1b): undefined reference to `pthread_create'
collect2: error: ld returned 1 exit status
CMakeFiles/cmTC_2a410.dir/build.make:97: recipe for target 'cmTC_2a410' failed
make[1]: *** [cmTC_2a410] Error 1
make[1]: Leaving directory '/home/osama/Documents/Draft4/build/CMakeFiles/CMakeTmp'
Makefile:126: recipe for target 'cmTC_2a410/fast' failed
make: *** [cmTC_2a410/fast] Error 2

File /home/osama/Documents/Draft4/build/CMakeFiles/CMakeTmp/CheckSymbolExists.c:
/* */
#include <pthread.h>

int main(int argc, char** argv)
{
  (void)argv;
#ifndef pthread_create
  return ((int*)(&pthread_create))[argc];
#else
  (void)argc;
  return 0;
#endif
}

Determining if the function pthread_create exists in the pthreads failed with the following output:
Change Dir: /home/osama/Documents/Draft4/build/CMakeFiles/CMakeTmp

Run Build Command:"/usr/bin/make" "cmTC_e9a57/fast"
/usr/bin/make -f CMakeFiles/cmTC_e9a57.dir/build.make CMakeFiles/cmTC_e9a57.dir/build
make[1]: Entering directory '/home/osama/Documents/Draft4/build/CMakeFiles/CMakeTmp'
Building C object CMakeFiles/cmTC_e9a57.dir/CheckFunctionExists.c.o
/usr/bin/cc    -DCHECK_FUNCTION_EXISTS=pthread_create   -o CMakeFiles/cmTC_e9a57.dir/CheckFunctionExists.c.o   -c /usr/share/cmake-3.7/Modules/CheckFunctionExists.c
Linking C executable cmTC_e9a57
/usr/bin/cmake -E cmake_link_script CMakeFiles/cmTC_e9a57.dir/link.txt --verbose=1
/usr/bin/cc   -DCHECK_FUNCTION_EXISTS=pthread_create    CMakeFiles/cmTC_e9a57.dir/CheckFunctionExists.c.o  -o cmTC_e9a57 -rdynamic -lpthreads 
/usr/bin/ld: cannot find -lpthreads
collect2: error: ld returned 1 exit status
CMakeFiles/cmTC_e9a57.dir/build.make:97: recipe for target 'cmTC_e9a57' failed
make[1]: *** [cmTC_e9a57] Error 1
make[1]: Leaving directory '/home/osama/Documents/Draft4/build/CMakeFiles/CMakeTmp'
Makefile:126: recipe for target 'cmTC_e9a57/fast' failed
make: *** [cmTC_e9a57/fast] Error 2


Determining if the pthread_create exist failed with the following output:
Change Dir: /home/osama/Documents/Draft4/build/CMakeFiles/CMakeTmp

Run Build Command:"/usr/bin/make" "cmTC_e2476/fast"
make[1]: Entering directory '/home/osama/Documents/Draft4/build/CMakeFiles/CMakeTmp'
/usr/bin/make -f CMakeFiles/cmTC_e2476.dir/build.make CMakeFiles/cmTC_e2476.dir/build
make[2]: Entering directory '/home/osama/Documents/Draft4/build/CMakeFiles/CMakeTmp'
Building C object CMakeFiles/cmTC_e2476.dir/CheckSymbolExists.c.o
/usr/bin/cc     -o CMakeFiles/cmTC_e2476.dir/CheckSymbolExists.c.o   -c /home/osama/Documents/Draft4/build/CMakeFiles/CMakeTmp/CheckSymbolExists.c
Linking C executable cmTC_e2476
/usr/bin/cmake -E cmake_link_script CMakeFiles/cmTC_e2476.dir/link.txt --verbose=1
/usr/bin/cc       CMakeFiles/cmTC_e2476.dir/CheckSymbolExists.c.o  -o cmTC_e2476 -rdynamic 
CMakeFiles/cmTC_e2476.dir/CheckSymbolExists.c.o: In function `main':
CheckSymbolExists.c:(.text+0x1b): undefined reference to `pthread_create'
collect2: error: ld returned 1 exit status
CMakeFiles/cmTC_e2476.dir/build.make:97: recipe for target 'cmTC_e2476' failed
make[2]: *** [cmTC_e2476] Error 1
make[2]: Leaving directory '/home/osama/Documents/Draft4/build/CMakeFiles/CMakeTmp'
Makefile:126: recipe for target 'cmTC_e2476/fast' failed
make[1]: *** [cmTC_e2476/fast] Error 2
make[1]: Leaving directory '/home/osama/Documents/Draft4/build/CMakeFiles/CMakeTmp'

File /home/osama/Documents/Draft4/build/CMakeFiles/CMakeTmp/CheckSymbolExists.c:
/* */
#include <pthread.h>

int main(int argc, char** argv)
{
  (void)argv;
#ifndef pthread_create
  return ((int*)(&pthread_create))[argc];
#else
  (void)argc;
  return 0;
#endif
}

Determining if the function pthread_create exists in the pthreads failed with the following output:
Change Dir: /home/osama/Documents/Draft4/build/CMakeFiles/CMakeTmp

Run Build Command:"/usr/bin/make" "cmTC_79d8c/fast"
make[1]: Entering directory '/home/osama/Documents/Draft4/build/CMakeFiles/CMakeTmp'
/usr/bin/make -f CMakeFiles/cmTC_79d8c.dir/build.make CMakeFiles/cmTC_79d8c.dir/build
make[2]: Entering directory '/home/osama/Documents/Draft4/build/CMakeFiles/CMakeTmp'
Building C object CMakeFiles/cmTC_79d8c.dir/CheckFunctionExists.c.o
/usr/bin/cc    -DCHECK_FUNCTION_EXISTS=pthread_create   -o CMakeFiles/cmTC_79d8c.dir/CheckFunctionExists.c.o   -c /usr/share/cmake-3.7/Modules/CheckFunctionExists.c
Linking C executable cmTC_79d8c
/usr/bin/cmake -E cmake_link_script CMakeFiles/cmTC_79d8c.dir/link.txt --verbose=1
/usr/bin/cc   -DCHECK_FUNCTION_EXISTS=pthread_create    CMakeFiles/cmTC_79d8c.dir/CheckFunctionExists.c.o  -o cmTC_79d8c -rdynamic -lpthreads 
/usr/bin/ld: cannot find -lpthreads
collect2: error: ld returned 1 exit status
CMakeFiles/cmTC_79d8c.dir/build.make:97: recipe for target 'cmTC_79d8c' failed
make[2]: *** [cmTC_79d8c] Error 1
make[2]: Leaving directory '/home/osama/Documents/Draft4/build/CMakeFiles/CMakeTmp'
Makefile:126: recipe for target 'cmTC_79d8c/fast' failed
make[1]: *** [cmTC_79d8c/fast] Error 2
make[1]: Leaving directory '/home/osama/Documents/Draft4/build/CMakeFiles/CMakeTmp'


Determining if the pthread_create exist failed with the following output:
Change Dir: /home/osama/Documents/Draft4/build/CMakeFiles/CMakeTmp

Run Build Command:"/usr/bin/make" "cmTC_bba8f/fast"
make[1]: Entering directory '/home/osama/Documents/Draft4/build/CMakeFiles/CMakeTmp'
/usr/bin/make -f CMakeFiles/cmTC_bba8f.dir/build.make CMakeFiles/cmTC_bba8f.dir/build
make[2]: Entering directory '/home/osama/Documents/Draft4/build/CMakeFiles/CMakeTmp'
Building C object CMakeFiles/cmTC_bba8f.dir/CheckSymbolExists.c.o
/usr/bin/cc     -o CMakeFiles/cmTC_bba8f.dir/CheckSymbolExists.c.o   -c /home/osama/Documents/Draft4/build/CMakeFiles/CMakeTmp/CheckSymbolExists.c
Linking C executable cmTC_bba8f
/usr/bin/cmake -E cmake_link_script CMakeFiles/cmTC_bba8f.dir/link.txt --verbose=1
/usr/bin/cc       CMakeFiles/cmTC_bba8f.dir/CheckSymbolExists.c.o  -o cmTC_bba8f -rdynamic 
CMakeFiles/cmTC_bba8f.dir/CheckSymbolExists.c.o: In function `main':
CheckSymbolExists.c:(.text+0x1b): undefined reference to `pthread_create'
collect2: error: ld returned 1 exit status
CMakeFiles/cmTC_bba8f.dir/build.make:97: recipe for target 'cmTC_bba8f' failed
make[2]: *** [cmTC_bba8f] Error 1
make[2]: Leaving directory '/home/osama/Documents/Draft4/build/CMakeFiles/CMakeTmp'
Makefile:126: recipe for target 'cmTC_bba8f/fast' failed
make[1]: *** [cmTC_bba8f/fast] Error 2
make[1]: Leaving directory '/home/osama/Documents/Draft4/build/CMakeFiles/CMakeTmp'

File /home/osama/Documents/Draft4/build/CMakeFiles/CMakeTmp/CheckSymbolExists.c:
/* */
#include <pthread.h>

int main(int argc, char** argv)
{
  (void)argv;
#ifndef pthread_create
  return ((int*)(&pthread_create))[argc];
#else
  (void)argc;
  return 0;
#endif
}

Determining if the function pthread_create exists in the pthreads failed with the following output:
Change Dir: /home/osama/Documents/Draft4/build/CMakeFiles/CMakeTmp

Run Build Command:"/usr/bin/make" "cmTC_5a67e/fast"
make[1]: Entering directory '/home/osama/Documents/Draft4/build/CMakeFiles/CMakeTmp'
/usr/bin/make -f CMakeFiles/cmTC_5a67e.dir/build.make CMakeFiles/cmTC_5a67e.dir/build
make[2]: Entering directory '/home/osama/Documents/Draft4/build/CMakeFiles/CMakeTmp'
Building C object CMakeFiles/cmTC_5a67e.dir/CheckFunctionExists.c.o
/usr/bin/cc    -DCHECK_FUNCTION_EXISTS=pthread_create   -o CMakeFiles/cmTC_5a67e.dir/CheckFunctionExists.c.o   -c /usr/share/cmake-3.7/Modules/CheckFunctionExists.c
Linking C executable cmTC_5a67e
/usr/bin/cmake -E cmake_link_script CMakeFiles/cmTC_5a67e.dir/link.txt --verbose=1
/usr/bin/cc   -DCHECK_FUNCTION_EXISTS=pthread_create    CMakeFiles/cmTC_5a67e.dir/CheckFunctionExists.c.o  -o cmTC_5a67e -rdynamic -lpthreads 
/usr/bin/ld: cannot find -lpthreads
collect2: error: ld returned 1 exit status
CMakeFiles/cmTC_5a67e.dir/build.make:97: recipe for target 'cmTC_5a67e' failed
make[2]: *** [cmTC_5a67e] Error 1
make[2]: Leaving directory '/home/osama/Documents/Draft4/build/CMakeFiles/CMakeTmp'
Makefile:126: recipe for target 'cmTC_5a67e/fast' failed
make[1]: *** [cmTC_5a67e/fast] Error 2
make[1]: Leaving directory '/home/osama/Documents/Draft4/build/CMakeFiles/CMakeTmp'


Determining if the pthread_create exist failed with the following output:
Change Dir: /home/osama/Documents/Draft4/build/CMakeFiles/CMakeTmp

Run Build Command:"/usr/bin/make" "cmTC_678e4/fast"
/usr/bin/make -f CMakeFiles/cmTC_678e4.dir/build.make CMakeFiles/cmTC_678e4.dir/build
make[1]: Entering directory '/home/osama/Documents/Draft4/build/CMakeFiles/CMakeTmp'
Building C object CMakeFiles/cmTC_678e4.dir/CheckSymbolExists.c.o
/usr/bin/cc     -o CMakeFiles/cmTC_678e4.dir/CheckSymbolExists.c.o   -c /home/osama/Documents/Draft4/build/CMakeFiles/CMakeTmp/CheckSymbolExists.c
Linking C executable cmTC_678e4
/usr/bin/cmake -E cmake_link_script CMakeFiles/cmTC_678e4.dir/link.txt --verbose=1
/usr/bin/cc       CMakeFiles/cmTC_678e4.dir/CheckSymbolExists.c.o  -o cmTC_678e4 -rdynamic 
CMakeFiles/cmTC_678e4.dir/CheckSymbolExists.c.o: In function `main':
CheckSymbolExists.c:(.text+0x1b): undefined reference to `pthread_create'
collect2: error: ld returned 1 exit status
CMakeFiles/cmTC_678e4.dir/build.make:97: recipe for target 'cmTC_678e4' failed
make[1]: *** [cmTC_678e4] Error 1
make[1]: Leaving directory '/home/osama/Documents/Draft4/build/CMakeFiles/CMakeTmp'
Makefile:126: recipe for target 'cmTC_678e4/fast' failed
make: *** [cmTC_678e4/fast] Error 2

File /home/osama/Documents/Draft4/build/CMakeFiles/CMakeTmp/CheckSymbolExists.c:
/* */
#include <pthread.h>

int main(int argc, char** argv)
{
  (void)argv;
#ifndef pthread_create
  return ((int*)(&pthread_create))[argc];
#else
  (void)argc;
  return 0;
#endif
}

Determining if the function pthread_create exists in the pthreads failed with the following output:
Change Dir: /home/osama/Documents/Draft4/build/CMakeFiles/CMakeTmp

Run Build Command:"/usr/bin/make" "cmTC_eb0f7/fast"
/usr/bin/make -f CMakeFiles/cmTC_eb0f7.dir/build.make CMakeFiles/cmTC_eb0f7.dir/build
make[1]: Entering directory '/home/osama/Documents/Draft4/build/CMakeFiles/CMakeTmp'
Building C object CMakeFiles/cmTC_eb0f7.dir/CheckFunctionExists.c.o
/usr/bin/cc    -DCHECK_FUNCTION_EXISTS=pthread_create   -o CMakeFiles/cmTC_eb0f7.dir/CheckFunctionExists.c.o   -c /usr/share/cmake-3.7/Modules/CheckFunctionExists.c
Linking C executable cmTC_eb0f7
/usr/bin/cmake -E cmake_link_script CMakeFiles/cmTC_eb0f7.dir/link.txt --verbose=1
/usr/bin/cc   -DCHECK_FUNCTION_EXISTS=pthread_create    CMakeFiles/cmTC_eb0f7.dir/CheckFunctionExists.c.o  -o cmTC_eb0f7 -rdynamic -lpthreads 
/usr/bin/ld: cannot find -lpthreads
collect2: error: ld returned 1 exit status
CMakeFiles/cmTC_eb0f7.dir/build.make:97: recipe for target 'cmTC_eb0f7' failed
make[1]: *** [cmTC_eb0f7] Error 1
make[1]: Leaving directory '/home/osama/Documents/Draft4/build/CMakeFiles/CMakeTmp'
Makefile:126: recipe for target 'cmTC_eb0f7/fast' failed
make: *** [cmTC_eb0f7/fast] Error 2


